pandoc -s --webtex  --toc --epub-metadata=metadata.xml --epub-stylesheet=../css/pmag.css  --epub-cover-image=../img/cover.jpg toc.md license.md message.md message1.md  message2.md  message3.md message4.md people.md people1.md  people2.md video.md video1.md video2.md article.md article1.md article2.md article3.md article4.md info.md reflink.md -o ../book/ipad.epub
ebook-convert ../book/ipad.epub ../book/ipad.pdf --margin-top=16 --margin-bottom=16 --margin-left=20 --margin-right=20 --pretty-print --base-font-size=9 --font-size-mapping="7, 8, 9, 12, 14, 16, 20, 24"  --output-profile=ipad3
1% 將輸入轉換為HTML格式...
InputFormatPlugin: EPUB Input running
on D:\Dropbox\Public\pmag\201304\book\ipad.epub
Parsing all content...
COLOR_VALUE: No match in Choice(HEX color, Named Color, Sequence(FUNCTION, Choice(unary +-, number, percentage), Sequence(comma, Choice(unary +-, number, percentage)), end FUNC ")"), Sequence(FUNCTION, Choice(unary +-, number, percentage), Sequence(comma, Choice(unary +-, number, percentage)), end FUNC ")")): ('HASH', u'#\ufeff\ufeff000080', 66, 18)
COLOR_VALUE: No match in Choice(HEX color, Named Color, Sequence(FUNCTION, Choice(unary +-, number, percentage), Sequence(comma, Choice(unary +-, number, percentage)), end FUNC ")"), Sequence(FUNCTION, Choice(unary +-, number, percentage), Sequence(comma, Choice(unary +-, number, percentage)), end FUNC ")"))
34% 正在對電子書籍進行轉換...
Merging user specified metadata...
Detecting structure...
Flattening CSS and remapping font sizes...
Source base font size is 12.00000pt
Removing fake margins...
Cleaning up manifest...
Trimming unused files from manifest...
Creating PDF Output...
67% 執行 PDF Output 外掛程式
71% Rendered cover.xhtml
75% Rendered title_page.xhtml
79% Rendered ch1.xhtml
83% Rendered ch2.xhtml
87% Rendered ch3.xhtml
91% Rendered ch4.xhtml
95% Rendered ch5.xhtml
100% Rendered ch6.xhtml
Rendered PDF in 4.316 seconds:
PDF output written to D:\Dropbox\Public\pmag\201304\book\ipad.pdf
將輸出儲存到   D:\Dropbox\Public\pmag\201304\book\ipad.pdf
